Using pre-set license
Built from '2020.3/staging' branch; Version is '2020.3.11f1 (99c7afb366b3) revision 10078127'; Using compiler version '192528614'; Build Type 'Release'
OS: 'Windows 10 Pro; OS build 19042.1052; Version 2009; 64bit' Language: 'pl' Physical Memory: 32699 MB
BatchMode: 1, IsHumanControllingUs: 0, StartBugReporterOnCrash: 0, Is64bit: 1, IsPro: 0

 COMMAND LINE ARGUMENTS:
E:\unity\2020.3.11f1\Editor\Unity.exe
-adb2
-batchMode
-noUpm
-name
AssetImportWorker0
-projectPath
E:/prawdopodobnie
-logFile
Logs/AssetImportWorker0.log
-srvPort
56762
Successfully changed project path to: E:/prawdopodobnie
E:/prawdopodobnie
Using Asset Import Pipeline V2.
Refreshing native plugins compatible for Editor in 52.01 ms, found 2 plugins.
Preloading 0 native plugins for Editor in 0.00 ms.
Initialize engine version: 2020.3.11f1 (99c7afb366b3)
[Subsystems] Discovering subsystems at path E:/unity/2020.3.11f1/Editor/Data/Resources/UnitySubsystems
[Subsystems] Discovering subsystems at path E:/prawdopodobnie/Assets
GfxDevice: creating device client; threaded=0
Direct3D:
    Version:  Direct3D 11.0 [level 11.1]
    Renderer: NVIDIA GeForce RTX 2080 (ID=0x1e87)
    Vendor:   
    VRAM:     8010 MB
    Driver:   27.21.14.5730
Shader 'Universal Render Pipeline/Particles/Lit': fallback shader 'Universal Render Pipeline/Particles/SimpleLit' not found
Initialize mono
Mono path[0] = 'E:/unity/2020.3.11f1/Editor/Data/Managed'
Mono path[1] = 'E:/unity/2020.3.11f1/Editor/Data/MonoBleedingEdge/lib/mono/unityjit'
Mono config path = 'E:/unity/2020.3.11f1/Editor/Data/MonoBleedingEdge/etc'
Using monoOptions --debugger-agent=transport=dt_socket,embedding=1,server=y,suspend=n,address=127.0.0.1:56864
Begin MonoManager ReloadAssembly
Registering precompiled unity dll's ...
Register platform support module: E:/unity/2020.3.11f1/Editor/Data/PlaybackEngines/WebGLSupport/UnityEditor.WebGL.Extensions.dll
Register platform support module: E:/unity/2020.3.11f1/Editor/Data/PlaybackEngines/MacStandaloneSupport/UnityEditor.OSXStandalone.Extensions.dll
Register platform support module: E:/unity/2020.3.11f1/Editor/Data/PlaybackEngines/WindowsStandaloneSupport/UnityEditor.WindowsStandalone.Extensions.dll
Register platform support module: E:/unity/2020.3.11f1/Editor/Data/PlaybackEngines/LinuxStandaloneSupport/UnityEditor.LinuxStandalone.Extensions.dll
Register platform support module: E:/unity/2020.3.11f1/Editor/Data/PlaybackEngines/LuminSupport/UnityEditor.Lumin.Extensions.dll
Registered in 0.002011 seconds.
Native extension for Lumin target not found
Native extension for LinuxStandalone target not found
Native extension for WindowsStandalone target not found
Native extension for OSXStandalone target not found
Native extension for WebGL target not found
Refreshing native plugins compatible for Editor in 47.99 ms, found 2 plugins.
Preloading 0 native plugins for Editor in 0.00 ms.
Mono: successfully reloaded assembly
- Completed reload, in  1.394 seconds
Platform modules already initialized, skipping
Registering precompiled user dll's ...
Registered in 0.004199 seconds.
Begin MonoManager ReloadAssembly
Native extension for Lumin target not found
Native extension for LinuxStandalone target not found
Native extension for WindowsStandalone target not found
Native extension for OSXStandalone target not found
Native extension for WebGL target not found
Refreshing native plugins compatible for Editor in 48.54 ms, found 2 plugins.
Preloading 0 native plugins for Editor in 0.00 ms.
Mono: successfully reloaded assembly
- Completed reload, in  1.192 seconds
Platform modules already initialized, skipping
========================================================================
Worker process is ready to serve import requests
Shader 'Universal Render Pipeline/Particles/Lit': fallback shader 'Universal Render Pipeline/Particles/SimpleLit' not found
Launched and connected shader compiler UnityShaderCompiler.exe after 0.06 seconds
Refreshing native plugins compatible for Editor in 0.99 ms, found 2 plugins.
Preloading 0 native plugins for Editor in 0.00 ms.
Unloading 2951 Unused Serialized files (Serialized files now loaded: 0)
System memory in use before: 133.2 MB.
System memory in use after: 133.4 MB.

Unloading 20 unused Assets to reduce memory usage. Loaded Objects now: 3389.
Total: 5.049400 ms (FindLiveObjects: 0.551700 ms CreateObjectMapping: 0.353000 ms MarkObjects: 4.008400 ms  DeleteObjects: 0.134200 ms)

========================================================================
Received Import Request.
  path: Assets/PlayerMat 1.mat
  artifactKey: Guid(edd826fea7de08e4e96818ef24dc653f) Importer(815301076,1909f56bfc062723c751e8b465ee728b)
Start importing Assets/PlayerMat 1.mat using Guid(edd826fea7de08e4e96818ef24dc653f) Importer(815301076,1909f56bfc062723c751e8b465ee728b)  -> (artifact id: '8e86ec091a9f3cf540248c688736311b') in 0.120779 seconds
  Import took 0.125721 seconds .

========================================================================
Received Import Request.
  Time since last request: 0.000522 seconds.
  path: Assets/PlayerMat.mat
  artifactKey: Guid(9d8a185e6a772904c8ad4dac236f5260) Importer(815301076,1909f56bfc062723c751e8b465ee728b)
Start importing Assets/PlayerMat.mat using Guid(9d8a185e6a772904c8ad4dac236f5260) Importer(815301076,1909f56bfc062723c751e8b465ee728b)  -> (artifact id: '9da08d7cfd1be75509cc9dcae2157034') in 0.016969 seconds
  Import took 0.022458 seconds .

========================================================================
Received Import Request.
  Time since last request: 0.000392 seconds.
  path: Assets/Kamikaze Enemy.prefab
  artifactKey: Guid(414446bd0cfb7a8498602fb54537d33b) Importer(815301076,1909f56bfc062723c751e8b465ee728b)
Start importing Assets/Kamikaze Enemy.prefab using Guid(414446bd0cfb7a8498602fb54537d33b) Importer(815301076,1909f56bfc062723c751e8b465ee728b)  -> (artifact id: 'af67f803533cefe697aa853eb28f1dea') in 0.034179 seconds
  Import took 0.039321 seconds .

========================================================================
Received Import Request.
  Time since last request: 0.000460 seconds.
  path: Assets/PlayerPrefab.prefab
  artifactKey: Guid(a3b7a0c09aa9a7b49a1803e3a7842c23) Importer(815301076,1909f56bfc062723c751e8b465ee728b)
Start importing Assets/PlayerPrefab.prefab using Guid(a3b7a0c09aa9a7b49a1803e3a7842c23) Importer(815301076,1909f56bfc062723c751e8b465ee728b)  -> (artifact id: 'c99da607ab622286ba41447b0ab59e52') in 0.019531 seconds
  Import took 0.024422 seconds .

========================================================================
Received Import Request.
  Time since last request: 0.000394 seconds.
  path: Assets/Normal Shooting Enemy.prefab
  artifactKey: Guid(5f11a408e663b8249ae9efbe3a50175f) Importer(815301076,1909f56bfc062723c751e8b465ee728b)
Start importing Assets/Normal Shooting Enemy.prefab using Guid(5f11a408e663b8249ae9efbe3a50175f) Importer(815301076,1909f56bfc062723c751e8b465ee728b)  -> (artifact id: 'c1d3599a1634823daaa9f1316dbab1b7') in 0.013708 seconds
  Import took 0.019975 seconds .

========================================================================
Received Import Request.
  Time since last request: 0.000453 seconds.
  path: Assets/Tank Enemy.prefab
  artifactKey: Guid(c743eff0499dbbf41b3ce1e8ed203a47) Importer(815301076,1909f56bfc062723c751e8b465ee728b)
Start importing Assets/Tank Enemy.prefab using Guid(c743eff0499dbbf41b3ce1e8ed203a47) Importer(815301076,1909f56bfc062723c751e8b465ee728b)  -> (artifact id: '919df26cbfb8ab811893e857d97e2736') in 0.019007 seconds
  Import took 0.024605 seconds .

========================================================================
Received Import Request.
  Time since last request: 0.000265 seconds.
  path: Assets/GamePrefab.prefab
  artifactKey: Guid(8d152cb5f4d0fd944b0bbfd4df37480c) Importer(815301076,1909f56bfc062723c751e8b465ee728b)
Start importing Assets/GamePrefab.prefab using Guid(8d152cb5f4d0fd944b0bbfd4df37480c) Importer(815301076,1909f56bfc062723c751e8b465ee728b)  -> (artifact id: 'd3c829c591913609d888a9618dead148') in 0.020570 seconds
  Import took 0.026791 seconds .

========================================================================
Received Prepare
Registering precompiled user dll's ...
Registered in 0.003833 seconds.
Begin MonoManager ReloadAssembly
Native extension for Lumin target not found
Native extension for LinuxStandalone target not found
Native extension for WindowsStandalone target not found
Native extension for OSXStandalone target not found
Native extension for WebGL target not found
Refreshing native plugins compatible for Editor in 0.55 ms, found 2 plugins.
Preloading 0 native plugins for Editor in 0.00 ms.
Mono: successfully reloaded assembly
- Completed reload, in  1.031 seconds
Platform modules already initialized, skipping
Shader 'Universal Render Pipeline/Particles/Lit': fallback shader 'Universal Render Pipeline/Particles/SimpleLit' not found
Refreshing native plugins compatible for Editor in 0.79 ms, found 2 plugins.
Preloading 0 native plugins for Editor in 0.00 ms.
Unloading 2857 Unused Serialized files (Serialized files now loaded: 0)
System memory in use before: 127.8 MB.
System memory in use after: 128.0 MB.

Unloading 15 unused Assets to reduce memory usage. Loaded Objects now: 3432.
Total: 2.273200 ms (FindLiveObjects: 0.250000 ms CreateObjectMapping: 0.108400 ms MarkObjects: 1.894600 ms  DeleteObjects: 0.019400 ms)

AssetImportWorkerClient::OnTransportError - code=2 error=End of file
